# JRE version: OpenJDK Runtime Environment (8.0_222-b10) (build 1.8.0_222-8u222-b10-1ubuntu1~19.04.1-b10)
# Java VM: OpenJDK 64-Bit Server VM (25.222-b10 mixed mode linux-amd64 compressed oops)
Heap:
 PSYoungGen      total 294400K, used 85049K [0x00000000d7100000, 0x00000000f8800000, 0x0000000100000000)
  eden space 78336K, 0% used [0x00000000d7100000,0x00000000d7100000,0x00000000dbd80000)
  from space 216064K, 39% used [0x00000000dbd80000,0x00000000e108e500,0x00000000e9080000)
  to   space 223232K, 0% used [0x00000000eae00000,0x00000000eae00000,0x00000000f8800000)
 ParOldGen       total 754688K, used 754495K [0x0000000085200000, 0x00000000b3300000, 0x00000000d7100000)
  object space 754688K, 99% used [0x0000000085200000,0x00000000b32cfe80,0x00000000b3300000)
 Metaspace       used 18427K, capacity 18786K, committed 19072K, reserved 1067008K
  class space    used 2244K, capacity 2385K, committed 2432K, reserved 1048576K
GC Heap History (10 events):
Event: 19.455 GC heap after
Heap after GC invocations=14 (full 4):
 PSYoungGen      total 228864K, used 112482K [0x00000000d7100000, 0x00000000f9200000, 0x0000000100000000)
  eden space 63488K, 0% used [0x00000000d7100000,0x00000000d7100000,0x00000000daf00000)
  from space 165376K, 68% used [0x00000000e8380000,0x00000000ef158b60,0x00000000f2500000)
  to   space 217600K, 0% used [0x00000000daf00000,0x00000000daf00000,0x00000000e8380000)
 ParOldGen       total 540672K, used 357040K [0x0000000085200000, 0x00000000a6200000, 0x00000000d7100000)
  object space 540672K, 66% used [0x0000000085200000,0x000000009aeac0c0,0x00000000a6200000)
 Metaspace       used 18398K, capacity 18780K, committed 19072K, reserved 1067008K
  class space    used 2238K, capacity 2384K, committed 2432K, reserved 1048576K
}
Event: 19.808 GC heap before
{Heap before GC invocations=15 (full 4):
 PSYoungGen      total 228864K, used 175970K [0x00000000d7100000, 0x00000000f9200000, 0x0000000100000000)
  eden space 63488K, 100% used [0x00000000d7100000,0x00000000daf00000,0x00000000daf00000)
  from space 165376K, 68% used [0x00000000e8380000,0x00000000ef158b60,0x00000000f2500000)
  to   space 217600K, 0% used [0x00000000daf00000,0x00000000daf00000,0x00000000e8380000)
 ParOldGen       total 540672K, used 462145K [0x0000000085200000, 0x00000000a6200000, 0x00000000d7100000)
  object space 540672K, 85% used [0x0000000085200000,0x00000000a1550658,0x00000000a6200000)
 Metaspace       used 18417K, capacity 18780K, committed 19072K, reserved 1067008K
  class space    used 2243K, capacity 2384K, committed 2432K, reserved 1048576K
Event: 20.362 GC heap after
Heap after GC invocations=15 (full 4):
 PSYoungGen      total 281088K, used 140608K [0x00000000d7100000, 0x00000000f7500000, 0x0000000100000000)
  eden space 63488K, 0% used [0x00000000d7100000,0x00000000d7100000,0x00000000daf00000)
  from space 217600K, 64% used [0x00000000daf00000,0x00000000e3850000,0x00000000e8380000)
  to   space 223232K, 0% used [0x00000000e9b00000,0x00000000e9b00000,0x00000000f7500000)
 ParOldGen       total 540672K, used 497265K [0x0000000085200000, 0x00000000a6200000, 0x00000000d7100000)
  object space 540672K, 91% used [0x0000000085200000,0x00000000a379c658,0x00000000a6200000)
 Metaspace       used 18417K, capacity 18780K, committed 19072K, reserved 1067008K
  class space    used 2243K, capacity 2384K, committed 2432K, reserved 1048576K
}
Event: 20.363 GC heap before
{Heap before GC invocations=16 (full 5):
 PSYoungGen      total 281088K, used 140608K [0x00000000d7100000, 0x00000000f7500000, 0x0000000100000000)
  eden space 63488K, 0% used [0x00000000d7100000,0x00000000d7100000,0x00000000daf00000)
  from space 217600K, 64% used [0x00000000daf00000,0x00000000e3850000,0x00000000e8380000)
  to   space 223232K, 0% used [0x00000000e9b00000,0x00000000e9b00000,0x00000000f7500000)
 ParOldGen       total 540672K, used 497265K [0x0000000085200000, 0x00000000a6200000, 0x00000000d7100000)
  object space 540672K, 91% used [0x0000000085200000,0x00000000a379c658,0x00000000a6200000)
 Metaspace       used 18417K, capacity 18780K, committed 19072K, reserved 1067008K
  class space    used 2243K, capacity 2384K, committed 2432K, reserved 1048576K
Event: 24.401 GC heap after
Heap after GC invocations=16 (full 5):
 PSYoungGen      total 281088K, used 26863K [0x00000000d7100000, 0x00000000f7500000, 0x0000000100000000)
  eden space 63488K, 0% used [0x00000000d7100000,0x00000000d7100000,0x00000000daf00000)
  from space 217600K, 12% used [0x00000000daf00000,0x00000000dc93bed8,0x00000000e8380000)
  to   space 223232K, 0% used [0x00000000e9b00000,0x00000000e9b00000,0x00000000f7500000)
 ParOldGen       total 754688K, used 540561K [0x0000000085200000, 0x00000000b3300000, 0x00000000d7100000)
  object space 754688K, 71% used [0x0000000085200000,0x00000000a61e45a8,0x00000000b3300000)
 Metaspace       used 18417K, capacity 18780K, committed 19072K, reserved 1067008K
  class space    used 2243K, capacity 2384K, committed 2432K, reserved 1048576K
}
Event: 24.488 GC heap before
{Heap before GC invocations=17 (full 5):
 PSYoungGen      total 281088K, used 90351K [0x00000000d7100000, 0x00000000f7500000, 0x0000000100000000)
  eden space 63488K, 100% used [0x00000000d7100000,0x00000000daf00000,0x00000000daf00000)
  from space 217600K, 12% used [0x00000000daf00000,0x00000000dc93bed8,0x00000000e8380000)
  to   space 223232K, 0% used [0x00000000e9b00000,0x00000000e9b00000,0x00000000f7500000)
 ParOldGen       total 754688K, used 540561K [0x0000000085200000, 0x00000000b3300000, 0x00000000d7100000)
  object space 754688K, 71% used [0x0000000085200000,0x00000000a61e45a8,0x00000000b3300000)
 Metaspace       used 18425K, capacity 18786K, committed 19072K, reserved 1067008K
  class space    used 2244K, capacity 2385K, committed 2432K, reserved 1048576K
Event: 25.135 GC heap after
Heap after GC invocations=17 (full 5):
 PSYoungGen      total 283648K, used 63232K [0x00000000d7100000, 0x00000000f6380000, 0x0000000100000000)
  eden space 78336K, 0% used [0x00000000d7100000,0x00000000d7100000,0x00000000dbd80000)
  from space 205312K, 30% used [0x00000000e9b00000,0x00000000ed8c0000,0x00000000f6380000)
  to   space 216064K, 0% used [0x00000000dbd80000,0x00000000dbd80000,0x00000000e9080000)
 ParOldGen       total 754688K, used 567553K [0x0000000085200000, 0x00000000b3300000, 0x00000000d7100000)
  object space 754688K, 75% used [0x0000000085200000,0x00000000a7c405a8,0x00000000b3300000)
 Metaspace       used 18425K, capacity 18786K, committed 19072K, reserved 1067008K
  class space    used 2244K, capacity 2385K, committed 2432K, reserved 1048576K
}
Event: 25.201 GC heap before
{Heap before GC invocations=18 (full 5):
 PSYoungGen      total 283648K, used 141568K [0x00000000d7100000, 0x00000000f6380000, 0x0000000100000000)
  eden space 78336K, 100% used [0x00000000d7100000,0x00000000dbd80000,0x00000000dbd80000)
  from space 205312K, 30% used [0x00000000e9b00000,0x00000000ed8c0000,0x00000000f6380000)
  to   space 216064K, 0% used [0x00000000dbd80000,0x00000000dbd80000,0x00000000e9080000)
 ParOldGen       total 754688K, used 567553K [0x0000000085200000, 0x00000000b3300000, 0x00000000d7100000)
  object space 754688K, 75% used [0x0000000085200000,0x00000000a7c405a8,0x00000000b3300000)
 Metaspace       used 18427K, capacity 18786K, committed 19072K, reserved 1067008K
  class space    used 2244K, capacity 2385K, committed 2432K, reserved 1048576K
Event: 25.630 GC heap after
Heap after GC invocations=18 (full 5):
 PSYoungGen      total 294400K, used 141504K [0x00000000d7100000, 0x00000000f8800000, 0x0000000100000000)
  eden space 78336K, 0% used [0x00000000d7100000,0x00000000d7100000,0x00000000dbd80000)
  from space 216064K, 65% used [0x00000000dbd80000,0x00000000e47b0000,0x00000000e9080000)
  to   space 223232K, 0% used [0x00000000eae00000,0x00000000eae00000,0x00000000f8800000)
 ParOldGen       total 754688K, used 567553K [0x0000000085200000, 0x00000000b3300000, 0x00000000d7100000)
  object space 754688K, 75% used [0x0000000085200000,0x00000000a7c405a8,0x00000000b3300000)
 Metaspace       used 18427K, capacity 18786K, committed 19072K, reserved 1067008K
  class space    used 2244K, capacity 2385K, committed 2432K, reserved 1048576K
}
Event: 28.780 GC heap before
{Heap before GC invocations=19 (full 6):
 PSYoungGen      total 294400K, used 219840K [0x00000000d7100000, 0x00000000f8800000, 0x0000000100000000)
  eden space 78336K, 100% used [0x00000000d7100000,0x00000000dbd80000,0x00000000dbd80000)
  from space 216064K, 65% used [0x00000000dbd80000,0x00000000e47b0000,0x00000000e9080000)
  to   space 223232K, 0% used [0x00000000eae00000,0x00000000eae00000,0x00000000f8800000)
 ParOldGen       total 754688K, used 725211K [0x0000000085200000, 0x00000000b3300000, 0x00000000d7100000)
  object space 754688K, 96% used [0x0000000085200000,0x00000000b1636e00,0x00000000b3300000)
 Metaspace       used 18427K, capacity 18786K, committed 19072K, reserved 1067008K
  class space    used 2244K, capacity 2385K, committed 2432K, reserved 1048576K

